2025-09-13 22:55:54 - utils.email_service - INFO - Created email template: base.html
2025-09-13 22:55:54 - utils.email_service - INFO - Created email template: approval.html
2025-09-13 22:55:54 - utils.email_service - INFO - Created email template: admin_notification.html
2025-09-13 22:55:54 - utils.email_service - INFO - Created email template: document_alert.html
2025-09-13 22:55:54 - utils.email_service - INFO - Email service initialized - Enabled: False
2025-09-13 22:55:54 - utils.email_service - INFO - Email service initialized - Enabled: False
2025-09-13 22:55:56 - utils.email_service - INFO - Email service initialized - Enabled: False
2025-09-13 22:55:56 - utils.email_service - INFO - Email service initialized - Enabled: False
2025-09-13 23:03:11 - utils.email_service - INFO - Email service initialized - Enabled: False
2025-09-13 23:03:11 - utils.email_service - INFO - Email service initialized - Enabled: False
2025-09-13 23:03:13 - utils.email_service - INFO - Email service initialized - Enabled: False
2025-09-13 23:03:13 - utils.email_service - INFO - Email service initialized - Enabled: False
2025-09-13 23:53:17 - utils.email_service - INFO - Email service initialized - Enabled: False
2025-09-13 23:53:17 - utils.email_service - INFO - Email service initialized - Enabled: False
2025-09-13 23:53:18 - utils.email_service - INFO - Email service initialized - Enabled: False
2025-09-13 23:53:18 - utils.email_service - INFO - Email service initialized - Enabled: False
2025-09-13 23:58:30 - utils.email_service - INFO - Email service initialized - Enabled: False
2025-09-13 23:58:30 - utils.email_service - INFO - Email service initialized - Enabled: False
2025-09-13 23:58:31 - utils.email_service - INFO - Email service initialized - Enabled: False
2025-09-13 23:58:31 - utils.email_service - INFO - Email service initialized - Enabled: False
2025-09-13 23:58:42 - utils.email_service - INFO - Email service initialized - Enabled: False
2025-09-13 23:58:42 - utils.email_service - INFO - Email service initialized - Enabled: False
2025-09-13 23:58:44 - utils.email_service - INFO - Email service initialized - Enabled: False
2025-09-13 23:58:44 - utils.email_service - INFO - Email service initialized - Enabled: False
2025-09-13 23:59:16 - utils.email_service - INFO - Email service initialized - Enabled: False
2025-09-13 23:59:16 - utils.email_service - INFO - Email service initialized - Enabled: False
2025-09-13 23:59:17 - utils.email_service - INFO - Email service initialized - Enabled: False
2025-09-13 23:59:17 - utils.email_service - INFO - Email service initialized - Enabled: False
2025-09-14 00:43:55 - utils.email_service - INFO - Email service initialized - Enabled: False
2025-09-14 00:43:55 - utils.email_service - INFO - Email service initialized - Enabled: False
2025-09-14 00:43:57 - utils.email_service - INFO - Email service initialized - Enabled: False
2025-09-14 00:43:57 - utils.email_service - INFO - Email service initialized - Enabled: False
2025-09-14 00:58:34 - utils.email_service - INFO - Email service initialized - Enabled: False
2025-09-14 00:58:34 - utils.email_service - INFO - Email service initialized - Enabled: False
2025-09-14 00:58:36 - utils.email_service - INFO - Email service initialized - Enabled: False
2025-09-14 00:58:36 - utils.email_service - INFO - Email service initialized - Enabled: False
2025-09-14 01:37:41 - utils.email_service - INFO - Email service initialized - Enabled: False
2025-09-14 01:37:41 - utils.email_service - INFO - Email service initialized - Enabled: False
2025-09-14 01:37:42 - utils.email_service - INFO - Email service initialized - Enabled: False
2025-09-14 01:37:42 - utils.email_service - INFO - Email service initialized - Enabled: False
2025-09-14 01:55:12 - utils.email_service - INFO - Email service initialized - Enabled: False
2025-09-14 01:55:12 - utils.email_service - INFO - Email service initialized - Enabled: False
2025-09-14 01:55:14 - utils.email_service - INFO - Email service initialized - Enabled: False
2025-09-14 01:55:14 - utils.email_service - INFO - Email service initialized - Enabled: False
2025-09-14 01:57:49 - utils.email_service - INFO - Email service initialized - Enabled: False
2025-09-14 01:57:49 - utils.email_service - INFO - Email service initialized - Enabled: False
2025-09-14 01:57:51 - utils.email_service - INFO - Email service initialized - Enabled: False
2025-09-14 01:57:51 - utils.email_service - INFO - Email service initialized - Enabled: False
2025-09-14 02:03:48 - utils.email_service - INFO - Email service initialized - Enabled: False
2025-09-14 02:03:48 - utils.email_service - INFO - Email service initialized - Enabled: False
2025-09-14 02:03:50 - utils.email_service - INFO - Email service initialized - Enabled: False
2025-09-14 02:03:50 - utils.email_service - INFO - Email service initialized - Enabled: False
2025-09-14 02:04:53 - utils.email_service - INFO - Email service initialized - Enabled: False
2025-09-14 02:04:53 - utils.email_service - INFO - Email service initialized - Enabled: False
2025-09-14 02:04:55 - utils.email_service - INFO - Email service initialized - Enabled: False
2025-09-14 02:04:55 - utils.email_service - INFO - Email service initialized - Enabled: False
2025-09-14 02:05:07 - utils.email_service - INFO - Email service initialized - Enabled: False
2025-09-14 02:05:07 - utils.email_service - INFO - Email service initialized - Enabled: False
2025-09-14 04:10:19 - utils.email_service - INFO - Email service initialized - Enabled: False
2025-09-14 04:10:19 - utils.email_service - INFO - Email service initialized - Enabled: False
2025-09-14 04:11:25 - utils.email_service - INFO - Email service initialized - Enabled: False
2025-09-14 04:11:25 - utils.email_service - INFO - Email service initialized - Enabled: False
2025-09-14 04:12:58 - utils.email_service - INFO - Email service initialized - Enabled: False
2025-09-14 04:12:58 - utils.email_service - INFO - Email service initialized - Enabled: False
2025-09-14 04:13:00 - utils.email_service - INFO - Email service initialized - Enabled: False
2025-09-14 04:13:00 - utils.email_service - INFO - Email service initialized - Enabled: False
2025-09-14 04:13:12 - utils.email_service - INFO - Email service initialized - Enabled: False
2025-09-14 04:13:13 - utils.email_service - INFO - Email service initialized - Enabled: False
2025-09-14 04:14:12 - utils.email_service - INFO - Email service initialized - Enabled: False
2025-09-14 04:14:12 - utils.email_service - INFO - Email service initialized - Enabled: False
2025-09-14 04:14:14 - utils.email_service - INFO - Email service initialized - Enabled: False
2025-09-14 04:14:14 - utils.email_service - INFO - Email service initialized - Enabled: False
2025-09-14 04:14:26 - utils.email_service - INFO - Email service initialized - Enabled: False
2025-09-14 04:14:26 - utils.email_service - INFO - Email service initialized - Enabled: False
2025-09-14 04:15:24 - utils.email_service - INFO - Email service initialized - Enabled: False
2025-09-14 04:15:24 - utils.email_service - INFO - Email service initialized - Enabled: False
2025-09-14 04:15:26 - utils.email_service - INFO - Email service initialized - Enabled: False
2025-09-14 04:15:26 - utils.email_service - INFO - Email service initialized - Enabled: False
2025-09-14 04:15:39 - utils.email_service - INFO - Email service initialized - Enabled: False
2025-09-14 04:15:39 - utils.email_service - INFO - Email service initialized - Enabled: False
2025-09-14 04:26:40 - utils.email_service - INFO - Email service initialized - Enabled: False
2025-09-14 04:26:40 - utils.email_service - INFO - Email service initialized - Enabled: False
2025-09-14 04:26:42 - utils.email_service - INFO - Email service initialized - Enabled: False
2025-09-14 04:26:42 - utils.email_service - INFO - Email service initialized - Enabled: False
2025-09-14 04:26:54 - utils.email_service - INFO - Email service initialized - Enabled: False
2025-09-14 04:26:54 - utils.email_service - INFO - Email service initialized - Enabled: False
2025-09-14 04:39:18 - utils.email_service - INFO - Email service initialized - Enabled: False
2025-09-14 04:39:18 - utils.email_service - INFO - Email service initialized - Enabled: False
2025-09-14 04:39:20 - utils.email_service - INFO - Email service initialized - Enabled: False
2025-09-14 04:39:20 - utils.email_service - INFO - Email service initialized - Enabled: False
2025-09-14 04:39:32 - utils.email_service - INFO - Email service initialized - Enabled: False
2025-09-14 04:39:32 - utils.email_service - INFO - Email service initialized - Enabled: False
2025-09-14 04:42:34 - utils.email_service - INFO - Email service initialized - Enabled: False
2025-09-14 04:42:34 - utils.email_service - INFO - Email service initialized - Enabled: False
2025-09-14 04:42:35 - utils.email_service - INFO - Email service initialized - Enabled: False
2025-09-14 04:42:35 - utils.email_service - INFO - Email service initialized - Enabled: False
2025-09-14 04:46:13 - utils.email_service - INFO - Email service initialized - Enabled: False
2025-09-14 04:46:13 - utils.email_service - INFO - Email service initialized - Enabled: False
2025-09-14 04:46:15 - utils.email_service - INFO - Email service initialized - Enabled: False
2025-09-14 04:46:15 - utils.email_service - INFO - Email service initialized - Enabled: False
2025-09-14 04:46:27 - utils.email_service - INFO - Email service initialized - Enabled: False
2025-09-14 04:46:27 - utils.email_service - INFO - Email service initialized - Enabled: False
2025-09-14 04:49:52 - utils.email_service - INFO - Email service initialized - Enabled: False
2025-09-14 04:49:52 - utils.email_service - INFO - Email service initialized - Enabled: False
2025-09-14 04:49:54 - utils.email_service - INFO - Email service initialized - Enabled: False
2025-09-14 04:49:54 - utils.email_service - INFO - Email service initialized - Enabled: False
2025-09-14 04:50:06 - utils.email_service - INFO - Email service initialized - Enabled: False
2025-09-14 04:50:06 - utils.email_service - INFO - Email service initialized - Enabled: False
2025-09-14 04:50:33 - utils.email_service - INFO - Email service initialized - Enabled: False
2025-09-14 04:50:33 - utils.email_service - INFO - Email service initialized - Enabled: False
2025-09-14 04:50:34 - utils.email_service - INFO - Email service initialized - Enabled: False
2025-09-14 04:50:34 - utils.email_service - INFO - Email service initialized - Enabled: False
2025-09-14 04:50:47 - utils.email_service - INFO - Email service initialized - Enabled: False
2025-09-14 04:50:47 - utils.email_service - INFO - Email service initialized - Enabled: False
2025-09-14 04:51:37 - utils.email_service - INFO - Email service initialized - Enabled: False
2025-09-14 04:51:37 - utils.email_service - INFO - Email service initialized - Enabled: False
2025-09-14 04:51:39 - utils.email_service - INFO - Email service initialized - Enabled: False
2025-09-14 04:51:39 - utils.email_service - INFO - Email service initialized - Enabled: False
2025-09-14 04:51:52 - utils.email_service - INFO - Email service initialized - Enabled: False
2025-09-14 04:51:52 - utils.email_service - INFO - Email service initialized - Enabled: False
2025-09-14 04:52:34 - utils.email_service - INFO - Email service initialized - Enabled: False
2025-09-14 04:52:34 - utils.email_service - INFO - Email service initialized - Enabled: False
2025-09-14 04:52:45 - utils.email_service - INFO - Email service initialized - Enabled: False
2025-09-14 04:52:45 - utils.email_service - INFO - Email service initialized - Enabled: False
2025-09-14 04:54:27 - utils.email_service - INFO - Email service initialized - Enabled: False
2025-09-14 04:54:27 - utils.email_service - INFO - Email service initialized - Enabled: False
2025-09-14 04:54:29 - utils.email_service - INFO - Email service initialized - Enabled: False
2025-09-14 04:54:29 - utils.email_service - INFO - Email service initialized - Enabled: False
2025-09-14 04:54:41 - utils.email_service - INFO - Email service initialized - Enabled: False
2025-09-14 04:54:41 - utils.email_service - INFO - Email service initialized - Enabled: False
2025-09-14 04:58:08 - utils.email_service - INFO - Email service initialized - Enabled: False
2025-09-14 04:58:08 - utils.email_service - INFO - Email service initialized - Enabled: False
2025-09-14 04:58:11 - utils.email_service - INFO - Email service initialized - Enabled: False
2025-09-14 04:58:11 - utils.email_service - INFO - Email service initialized - Enabled: False
2025-09-14 04:58:23 - utils.email_service - INFO - Email service initialized - Enabled: False
2025-09-14 04:58:23 - utils.email_service - INFO - Email service initialized - Enabled: False
2025-09-14 04:59:28 - utils.email_service - INFO - Email service initialized - Enabled: False
2025-09-14 04:59:28 - utils.email_service - INFO - Email service initialized - Enabled: False
2025-09-14 04:59:30 - utils.email_service - INFO - Email service initialized - Enabled: False
2025-09-14 04:59:30 - utils.email_service - INFO - Email service initialized - Enabled: False
2025-09-14 04:59:43 - utils.email_service - INFO - Email service initialized - Enabled: False
2025-09-14 04:59:43 - utils.email_service - INFO - Email service initialized - Enabled: False
2025-09-14 05:08:55 - utils.email_service - INFO - Email service initialized - Enabled: False
2025-09-14 05:08:55 - utils.email_service - INFO - Email service initialized - Enabled: False
2025-09-14 05:08:56 - utils.email_service - INFO - Email service initialized - Enabled: False
2025-09-14 05:08:56 - utils.email_service - INFO - Email service initialized - Enabled: False
2025-09-14 05:09:08 - utils.email_service - INFO - Email service initialized - Enabled: False
2025-09-14 05:09:08 - utils.email_service - INFO - Email service initialized - Enabled: False
2025-09-14 05:10:10 - utils.email_service - INFO - Email service initialized - Enabled: False
2025-09-14 05:10:10 - utils.email_service - INFO - Email service initialized - Enabled: False
2025-09-14 05:10:12 - utils.email_service - INFO - Email service initialized - Enabled: False
2025-09-14 05:10:12 - utils.email_service - INFO - Email service initialized - Enabled: False
2025-09-14 05:10:24 - utils.email_service - INFO - Email service initialized - Enabled: False
2025-09-14 05:10:24 - utils.email_service - INFO - Email service initialized - Enabled: False
2025-09-14 05:45:36 - utils.email_service - INFO - Email service initialized - Enabled: False
2025-09-14 05:45:36 - utils.email_service - INFO - Email service initialized - Enabled: False
2025-09-14 05:45:38 - utils.email_service - INFO - Email service initialized - Enabled: False
2025-09-14 05:45:38 - utils.email_service - INFO - Email service initialized - Enabled: False
2025-09-14 05:45:49 - utils.email_service - INFO - Email service initialized - Enabled: False
2025-09-14 05:45:49 - utils.email_service - INFO - Email service initialized - Enabled: False
2025-09-14 05:50:44 - utils.email_service - INFO - Email service initialized - Enabled: False
2025-09-14 05:50:44 - utils.email_service - INFO - Email service initialized - Enabled: False
2025-09-14 05:50:46 - utils.email_service - INFO - Email service initialized - Enabled: False
2025-09-14 05:50:46 - utils.email_service - INFO - Email service initialized - Enabled: False
2025-09-14 05:50:58 - utils.email_service - INFO - Email service initialized - Enabled: False
2025-09-14 05:50:59 - utils.email_service - INFO - Email service initialized - Enabled: False
2025-09-14 05:52:45 - utils.email_service - INFO - Email service initialized - Enabled: False
2025-09-14 05:52:45 - utils.email_service - INFO - Email service initialized - Enabled: False
2025-09-14 05:52:47 - utils.email_service - INFO - Email service initialized - Enabled: False
2025-09-14 05:52:47 - utils.email_service - INFO - Email service initialized - Enabled: False
2025-09-14 05:52:59 - utils.email_service - INFO - Email service initialized - Enabled: False
2025-09-14 05:52:59 - utils.email_service - INFO - Email service initialized - Enabled: False
2025-09-14 05:55:38 - utils.email_service - INFO - Email service initialized - Enabled: False
2025-09-14 05:55:38 - utils.email_service - INFO - Email service initialized - Enabled: False
2025-09-14 05:55:39 - utils.email_service - INFO - Email service initialized - Enabled: False
2025-09-14 05:55:39 - utils.email_service - INFO - Email service initialized - Enabled: False
2025-09-14 05:55:52 - utils.email_service - INFO - Email service initialized - Enabled: False
2025-09-14 05:55:52 - utils.email_service - INFO - Email service initialized - Enabled: False
2025-09-14 05:58:20 - utils.email_service - INFO - Email service initialized - Enabled: False
2025-09-14 05:58:20 - utils.email_service - INFO - Email service initialized - Enabled: False
2025-09-14 05:58:21 - utils.email_service - INFO - Email service initialized - Enabled: False
2025-09-14 05:58:21 - utils.email_service - INFO - Email service initialized - Enabled: False
2025-09-14 05:58:32 - utils.email_service - INFO - Email service initialized - Enabled: False
2025-09-14 05:58:32 - utils.email_service - INFO - Email service initialized - Enabled: False
2025-09-14 05:58:48 - utils.email_service - INFO - Email service initialized - Enabled: False
2025-09-14 05:58:48 - utils.email_service - INFO - Email service initialized - Enabled: False
2025-09-14 05:58:50 - utils.email_service - INFO - Email service initialized - Enabled: False
2025-09-14 05:58:50 - utils.email_service - INFO - Email service initialized - Enabled: False
2025-09-14 05:59:02 - utils.email_service - INFO - Email service initialized - Enabled: False
2025-09-14 05:59:02 - utils.email_service - INFO - Email service initialized - Enabled: False
2025-09-14 06:15:44 - utils.email_service - INFO - Email service initialized - Enabled: False
2025-09-14 06:15:44 - utils.email_service - INFO - Email service initialized - Enabled: False
2025-09-14 06:15:46 - utils.email_service - INFO - Email service initialized - Enabled: False
2025-09-14 06:15:46 - utils.email_service - INFO - Email service initialized - Enabled: False
2025-09-14 06:15:58 - utils.email_service - INFO - Email service initialized - Enabled: False
2025-09-14 06:15:58 - utils.email_service - INFO - Email service initialized - Enabled: False
2025-09-14 08:16:42 - utils.email_service - INFO - Email service initialized - Enabled: False
2025-09-14 08:16:42 - utils.email_service - INFO - Email service initialized - Enabled: False
2025-09-14 08:16:44 - utils.email_service - INFO - Email service initialized - Enabled: False
2025-09-14 08:16:44 - utils.email_service - INFO - Email service initialized - Enabled: False
2025-09-14 08:16:57 - utils.email_service - INFO - Email service initialized - Enabled: False
2025-09-14 08:16:57 - utils.email_service - INFO - Email service initialized - Enabled: False
2025-09-14 09:14:32 - utils.email_service - INFO - Email service initialized - Enabled: False
2025-09-14 09:14:32 - utils.email_service - INFO - Email service initialized - Enabled: False
2025-09-14 09:14:34 - utils.email_service - INFO - Email service initialized - Enabled: False
2025-09-14 09:14:34 - utils.email_service - INFO - Email service initialized - Enabled: False
2025-09-14 09:14:46 - utils.email_service - INFO - Email service initialized - Enabled: False
2025-09-14 09:14:46 - utils.email_service - INFO - Email service initialized - Enabled: False
2025-09-14 09:16:10 - utils.email_service - INFO - Email service initialized - Enabled: False
2025-09-14 09:16:10 - utils.email_service - INFO - Email service initialized - Enabled: False
2025-09-14 09:16:11 - utils.email_service - INFO - Email service initialized - Enabled: False
2025-09-14 09:16:11 - utils.email_service - INFO - Email service initialized - Enabled: False
2025-09-14 09:16:23 - utils.email_service - INFO - Email service initialized - Enabled: False
2025-09-14 09:16:23 - utils.email_service - INFO - Email service initialized - Enabled: False
2025-09-14 09:19:25 - utils.email_service - INFO - Email service initialized - Enabled: False
2025-09-14 09:19:25 - utils.email_service - INFO - Email service initialized - Enabled: False
2025-09-14 09:19:27 - utils.email_service - INFO - Email service initialized - Enabled: False
2025-09-14 09:19:27 - utils.email_service - INFO - Email service initialized - Enabled: False
2025-09-14 09:19:39 - utils.email_service - INFO - Email service initialized - Enabled: False
2025-09-14 09:19:39 - utils.email_service - INFO - Email service initialized - Enabled: False
2025-09-14 09:30:55 - utils.email_service - INFO - Email service initialized - Enabled: False
2025-09-14 09:30:55 - utils.email_service - INFO - Email service initialized - Enabled: False
2025-09-14 09:30:56 - utils.email_service - INFO - Email service initialized - Enabled: False
2025-09-14 09:30:56 - utils.email_service - INFO - Email service initialized - Enabled: False
2025-09-14 09:31:08 - utils.email_service - INFO - Email service initialized - Enabled: False
2025-09-14 09:31:08 - utils.email_service - INFO - Email service initialized - Enabled: False
2025-09-14 09:32:23 - utils.email_service - INFO - Email service initialized - Enabled: False
2025-09-14 09:32:23 - utils.email_service - INFO - Email service initialized - Enabled: False
2025-09-14 09:32:25 - utils.email_service - INFO - Email service initialized - Enabled: False
2025-09-14 09:32:25 - utils.email_service - INFO - Email service initialized - Enabled: False
2025-09-14 09:32:37 - utils.email_service - INFO - Email service initialized - Enabled: False
2025-09-14 09:32:37 - utils.email_service - INFO - Email service initialized - Enabled: False
2025-09-14 09:34:52 - utils.email_service - INFO - Email service initialized - Enabled: False
2025-09-14 09:34:52 - utils.email_service - INFO - Email service initialized - Enabled: False
2025-09-14 09:34:54 - utils.email_service - INFO - Email service initialized - Enabled: False
2025-09-14 09:34:54 - utils.email_service - INFO - Email service initialized - Enabled: False
2025-09-14 09:35:06 - utils.email_service - INFO - Email service initialized - Enabled: False
2025-09-14 09:35:06 - utils.email_service - INFO - Email service initialized - Enabled: False
2025-09-14 09:36:42 - utils.email_service - INFO - Email service initialized - Enabled: False
2025-09-14 09:36:42 - utils.email_service - INFO - Email service initialized - Enabled: False
2025-09-14 09:36:43 - utils.email_service - INFO - Email service initialized - Enabled: False
2025-09-14 09:36:43 - utils.email_service - INFO - Email service initialized - Enabled: False
2025-09-14 09:36:46 - utils.email_service - INFO - Email service initialized - Enabled: False
2025-09-14 09:36:46 - utils.email_service - INFO - Email service initialized - Enabled: False
2025-09-14 09:36:55 - utils.email_service - INFO - Email service initialized - Enabled: False
2025-09-14 09:36:55 - utils.email_service - INFO - Email service initialized - Enabled: False
2025-09-14 09:46:16 - utils.email_service - INFO - Email service initialized - Enabled: False
2025-09-14 09:46:16 - utils.email_service - INFO - Email service initialized - Enabled: False
2025-09-14 09:46:18 - utils.email_service - INFO - Email service initialized - Enabled: False
2025-09-14 09:46:18 - utils.email_service - INFO - Email service initialized - Enabled: False
2025-09-14 09:46:30 - utils.email_service - INFO - Email service initialized - Enabled: False
2025-09-14 09:46:30 - utils.email_service - INFO - Email service initialized - Enabled: False
2025-09-14 10:02:47 - utils.email_service - INFO - Email service initialized - Enabled: False
2025-09-14 10:02:47 - utils.email_service - INFO - Email service initialized - Enabled: False
2025-09-14 10:02:48 - utils.email_service - INFO - Email service initialized - Enabled: False
2025-09-14 10:02:48 - utils.email_service - INFO - Email service initialized - Enabled: False
2025-09-14 10:03:03 - utils.email_service - INFO - Email service initialized - Enabled: False
2025-09-14 10:03:03 - utils.email_service - INFO - Email service initialized - Enabled: False
2025-09-14 10:12:17 - utils.email_service - INFO - Email service initialized - Enabled: False
2025-09-14 10:12:17 - utils.email_service - INFO - Email service initialized - Enabled: False
